Tue Feb 13 17:55:07 2024       
+---------------------------------------------------------------------------------------+
| NVIDIA-SMI 535.154.05             Driver Version: 535.154.05   CUDA Version: 12.2     |
|-----------------------------------------+----------------------+----------------------+
| GPU  Name                 Persistence-M | Bus-Id        Disp.A | Volatile Uncorr. ECC |
| Fan  Temp   Perf          Pwr:Usage/Cap |         Memory-Usage | GPU-Util  Compute M. |
|                                         |                      |               MIG M. |
|=========================================+======================+======================|
|   0  NVIDIA H100 PCIe               On  | 00000000:41:00.0 Off |                    0 |
| N/A   31C    P0              48W / 350W |      0MiB / 81559MiB |      0%   E. Process |
|                                         |                      |             Disabled |
+-----------------------------------------+----------------------+----------------------+
                                                                                         
+---------------------------------------------------------------------------------------+
| Processes:                                                                            |
|  GPU   GI   CI        PID   Type   Process name                            GPU Memory |
|        ID   ID                                                             Usage      |
|=======================================================================================|
|  No running processes found                                                           |
+---------------------------------------------------------------------------------------+
.values =
array([[[[[ 7.41168795e-07,  7.40270512e-10,  4.97509873e-08,
            5.46412480e-08,  6.09651423e-08],
          [ 7.41168795e-07,  7.40270512e-10,  4.97509873e-08,
            5.46412480e-08,  6.09651423e-08],
          [ 7.41168795e-07,  7.40270512e-10,  4.97509873e-08,
            5.46412480e-08,  6.09651423e-08]],

         [[ 7.41168795e-07,  7.40270512e-10,  4.97509873e-08,
            5.46412480e-08,  6.09651423e-08],
          [ 7.41168795e-07,  7.40270512e-10,  4.97509873e-08,
            5.46412480e-08,  6.09651423e-08],
          [ 7.41168795e-07,  7.40270512e-10,  4.97509873e-08,
            5.46412480e-08,  6.09651423e-08]],

         [[ 7.41168795e-07,  7.40270512e-10,  4.97509873e-08,
            5.46412480e-08,  6.09651423e-08],
          [ 7.41168795e-07,  7.40270512e-10,  4.97509873e-08,
            5.46412480e-08,  6.09651423e-08],
          [ 7.41168795e-07,  7.40270512e-10,  4.97509873e-08,
            5.46412480e-08,  6.09651423e-08]],

         ...,

         [[ 3.96077214e-07, -6.20992073e-09,  1.86394971e-08,
            3.60553382e-07, -5.38666877e-08],
          [ 3.96077214e-07, -6.20992073e-09,  1.86394971e-08,
            3.60553382e-07, -5.38666877e-08],
          [ 3.96077214e-07, -6.20992073e-09,  1.86394971e-08,
            3.60553382e-07, -5.38666877e-08]],

         [[ 3.96077214e-07, -6.20992073e-09,  1.86394971e-08,
            3.60553382e-07, -5.38666877e-08],
          [ 3.96077214e-07, -6.20992073e-09,  1.86394971e-08,
            3.60553382e-07, -5.38666877e-08],
          [ 3.96077214e-07, -6.20992073e-09,  1.86394971e-08,
            3.60553382e-07, -5.38666877e-08]],

         [[ 3.96077214e-07, -6.20992073e-09,  1.86394971e-08,
            3.60553382e-07, -5.38666877e-08],
          [ 3.96077214e-07, -6.20992073e-09,  1.86394971e-08,
            3.60553382e-07, -5.38666877e-08],
          [ 3.96077214e-07, -6.20992073e-09,  1.86394971e-08,
            3.60553382e-07, -5.38666877e-08]]],


        [[[ 7.41168795e-07,  7.40270512e-10,  4.97509873e-08,
            5.46412480e-08,  6.09651423e-08],
          [ 7.41168795e-07,  7.40270512e-10,  4.97509873e-08,
            5.46412480e-08,  6.09651423e-08],
          [ 7.41168795e-07,  7.40270512e-10,  4.97509873e-08,
            5.46412480e-08,  6.09651423e-08]],

         [[ 7.41168795e-07,  7.40270512e-10,  4.97509873e-08,
            5.46412480e-08,  6.09651423e-08],
          [ 7.41168795e-07,  7.40270512e-10,  4.97509873e-08,
            5.46412480e-08,  6.09651423e-08],
          [ 7.41168795e-07,  7.40270512e-10,  4.97509873e-08,
            5.46412480e-08,  6.09651423e-08]],

         [[ 7.41168795e-07,  7.40270512e-10,  4.97509873e-08,
            5.46412480e-08,  6.09651423e-08],
          [ 7.41168795e-07,  7.40270512e-10,  4.97509873e-08,
            5.46412480e-08,  6.09651423e-08],
          [ 7.41168795e-07,  7.40270512e-10,  4.97509873e-08,
            5.46412480e-08,  6.09651423e-08]],

         ...,

         [[ 3.96077214e-07, -6.20992073e-09,  1.86394971e-08,
            3.60553382e-07, -5.38666877e-08],
          [ 3.96077214e-07, -6.20992073e-09,  1.86394971e-08,
            3.60553382e-07, -5.38666877e-08],
          [ 3.96077214e-07, -6.20992073e-09,  1.86394971e-08,
            3.60553382e-07, -5.38666877e-08]],

         [[ 3.96077214e-07, -6.20992073e-09,  1.86394971e-08,
            3.60553382e-07, -5.38666877e-08],
          [ 3.96077214e-07, -6.20992073e-09,  1.86394971e-08,
            3.60553382e-07, -5.38666877e-08],
          [ 3.96077214e-07, -6.20992073e-09,  1.86394971e-08,
            3.60553382e-07, -5.38666877e-08]],

         [[ 3.96077214e-07, -6.20992073e-09,  1.86394971e-08,
            3.60553382e-07, -5.38666877e-08],
          [ 3.96077214e-07, -6.20992073e-09,  1.86394971e-08,
            3.60553382e-07, -5.38666877e-08],
          [ 3.96077214e-07, -6.20992073e-09,  1.86394971e-08,
            3.60553382e-07, -5.38666877e-08]]],


        [[[ 7.41168795e-07,  7.40270512e-10,  4.97509873e-08,
            5.46412480e-08,  6.09651423e-08],
          [ 7.41168795e-07,  7.40270512e-10,  4.97509873e-08,
            5.46412480e-08,  6.09651423e-08],
          [ 7.41168795e-07,  7.40270512e-10,  4.97509873e-08,
            5.46412480e-08,  6.09651423e-08]],

         [[ 7.41168795e-07,  7.40270512e-10,  4.97509873e-08,
            5.46412480e-08,  6.09651423e-08],
          [ 7.41168795e-07,  7.40270512e-10,  4.97509873e-08,
            5.46412480e-08,  6.09651423e-08],
          [ 7.41168795e-07,  7.40270512e-10,  4.97509873e-08,
            5.46412480e-08,  6.09651423e-08]],

         [[ 7.41168795e-07,  7.40270512e-10,  4.97509873e-08,
            5.46412480e-08,  6.09651423e-08],
          [ 7.41168795e-07,  7.40270512e-10,  4.97509873e-08,
            5.46412480e-08,  6.09651423e-08],
          [ 7.41168795e-07,  7.40270512e-10,  4.97509873e-08,
            5.46412480e-08,  6.09651423e-08]],

         ...,

         [[ 3.96077214e-07, -6.20992073e-09,  1.86394971e-08,
            3.60553382e-07, -5.38666877e-08],
          [ 3.96077214e-07, -6.20992073e-09,  1.86394971e-08,
            3.60553382e-07, -5.38666877e-08],
          [ 3.96077214e-07, -6.20992073e-09,  1.86394971e-08,
            3.60553382e-07, -5.38666877e-08]],

         [[ 3.96077214e-07, -6.20992073e-09,  1.86394971e-08,
            3.60553382e-07, -5.38666877e-08],
          [ 3.96077214e-07, -6.20992073e-09,  1.86394971e-08,
            3.60553382e-07, -5.38666877e-08],
          [ 3.96077214e-07, -6.20992073e-09,  1.86394971e-08,
            3.60553382e-07, -5.38666877e-08]],

         [[ 3.96077214e-07, -6.20992073e-09,  1.86394971e-08,
            3.60553382e-07, -5.38666877e-08],
          [ 3.96077214e-07, -6.20992073e-09,  1.86394971e-08,
            3.60553382e-07, -5.38666877e-08],
          [ 3.96077214e-07, -6.20992073e-09,  1.86394971e-08,
            3.60553382e-07, -5.38666877e-08]]],


        ...,


        [[[ 1.02301060e-06, -9.76671694e-09, -6.03875070e-08,
            7.41821007e-07,  2.72894548e-08],
          [ 1.02301060e-06, -9.76671694e-09, -6.03875070e-08,
            7.41821007e-07,  2.72894548e-08],
          [ 1.02301060e-06, -9.76671694e-09, -6.03875070e-08,
            7.41821007e-07,  2.72894548e-08]],

         [[ 1.02301060e-06, -9.76671694e-09, -6.03875070e-08,
            7.41821007e-07,  2.72894548e-08],
          [ 1.02301060e-06, -9.76671694e-09, -6.03875070e-08,
            7.41821007e-07,  2.72894548e-08],
          [ 1.02301060e-06, -9.76671694e-09, -6.03875070e-08,
            7.41821007e-07,  2.72894548e-08]],

         [[ 1.02301060e-06, -9.76671694e-09, -6.03875070e-08,
            7.41821007e-07,  2.72894548e-08],
          [ 1.02301060e-06, -9.76671694e-09, -6.03875070e-08,
            7.41821007e-07,  2.72894548e-08],
          [ 1.02301060e-06, -9.76671694e-09, -6.03875070e-08,
            7.41821007e-07,  2.72894548e-08]],

         ...,

         [[ 9.51725047e-07, -2.05516580e-09,  5.69368792e-08,
            9.90044488e-07,  3.35686896e-07],
          [ 9.51725047e-07, -2.05516580e-09,  5.69368792e-08,
            9.90044488e-07,  3.35686896e-07],
          [ 9.51725047e-07, -2.05516580e-09,  5.69368792e-08,
            9.90044488e-07,  3.35686896e-07]],

         [[ 9.51725047e-07, -2.05516580e-09,  5.69368792e-08,
            9.90044488e-07,  3.35686896e-07],
          [ 9.51725047e-07, -2.05516580e-09,  5.69368792e-08,
            9.90044488e-07,  3.35686896e-07],
          [ 9.51725047e-07, -2.05516580e-09,  5.69368792e-08,
            9.90044488e-07,  3.35686896e-07]],

         [[ 9.51725047e-07, -2.05516580e-09,  5.69368792e-08,
            9.90044488e-07,  3.35686896e-07],
          [ 9.51725047e-07, -2.05516580e-09,  5.69368792e-08,
            9.90044488e-07,  3.35686896e-07],
          [ 9.51725047e-07, -2.05516580e-09,  5.69368792e-08,
            9.90044488e-07,  3.35686896e-07]]],


        [[[ 1.02301060e-06, -9.76671694e-09, -6.03875070e-08,
            7.41821007e-07,  2.72894548e-08],
          [ 1.02301060e-06, -9.76671694e-09, -6.03875070e-08,
            7.41821007e-07,  2.72894548e-08],
          [ 1.02301060e-06, -9.76671694e-09, -6.03875070e-08,
            7.41821007e-07,  2.72894548e-08]],

         [[ 1.02301060e-06, -9.76671694e-09, -6.03875070e-08,
            7.41821007e-07,  2.72894548e-08],
          [ 1.02301060e-06, -9.76671694e-09, -6.03875070e-08,
            7.41821007e-07,  2.72894548e-08],
          [ 1.02301060e-06, -9.76671694e-09, -6.03875070e-08,
            7.41821007e-07,  2.72894548e-08]],

         [[ 1.02301060e-06, -9.76671694e-09, -6.03875070e-08,
            7.41821007e-07,  2.72894548e-08],
          [ 1.02301060e-06, -9.76671694e-09, -6.03875070e-08,
            7.41821007e-07,  2.72894548e-08],
          [ 1.02301060e-06, -9.76671694e-09, -6.03875070e-08,
            7.41821007e-07,  2.72894548e-08]],

         ...,

         [[ 9.51725047e-07, -2.05516580e-09,  5.69368792e-08,
            9.90044488e-07,  3.35686896e-07],
          [ 9.51725047e-07, -2.05516580e-09,  5.69368792e-08,
            9.90044488e-07,  3.35686896e-07],
          [ 9.51725047e-07, -2.05516580e-09,  5.69368792e-08,
            9.90044488e-07,  3.35686896e-07]],

         [[ 9.51725047e-07, -2.05516580e-09,  5.69368792e-08,
            9.90044488e-07,  3.35686896e-07],
          [ 9.51725047e-07, -2.05516580e-09,  5.69368792e-08,
            9.90044488e-07,  3.35686896e-07],
          [ 9.51725047e-07, -2.05516580e-09,  5.69368792e-08,
            9.90044488e-07,  3.35686896e-07]],

         [[ 9.51725047e-07, -2.05516580e-09,  5.69368792e-08,
            9.90044488e-07,  3.35686896e-07],
          [ 9.51725047e-07, -2.05516580e-09,  5.69368792e-08,
            9.90044488e-07,  3.35686896e-07],
          [ 9.51725047e-07, -2.05516580e-09,  5.69368792e-08,
            9.90044488e-07,  3.35686896e-07]]],


        [[[ 1.02301060e-06, -9.76671694e-09, -6.03875070e-08,
            7.41821007e-07,  2.72894548e-08],
          [ 1.02301060e-06, -9.76671694e-09, -6.03875070e-08,
            7.41821007e-07,  2.72894548e-08],
          [ 1.02301060e-06, -9.76671694e-09, -6.03875070e-08,
            7.41821007e-07,  2.72894548e-08]],

         [[ 1.02301060e-06, -9.76671694e-09, -6.03875070e-08,
            7.41821007e-07,  2.72894548e-08],
          [ 1.02301060e-06, -9.76671694e-09, -6.03875070e-08,
            7.41821007e-07,  2.72894548e-08],
          [ 1.02301060e-06, -9.76671694e-09, -6.03875070e-08,
            7.41821007e-07,  2.72894548e-08]],

         [[ 1.02301060e-06, -9.76671694e-09, -6.03875070e-08,
            7.41821007e-07,  2.72894548e-08],
          [ 1.02301060e-06, -9.76671694e-09, -6.03875070e-08,
            7.41821007e-07,  2.72894548e-08],
          [ 1.02301060e-06, -9.76671694e-09, -6.03875070e-08,
            7.41821007e-07,  2.72894548e-08]],

         ...,

         [[ 9.51725047e-07, -2.05516580e-09,  5.69368792e-08,
            9.90044488e-07,  3.35686896e-07],
          [ 9.51725047e-07, -2.05516580e-09,  5.69368792e-08,
            9.90044488e-07,  3.35686896e-07],
          [ 9.51725047e-07, -2.05516580e-09,  5.69368792e-08,
            9.90044488e-07,  3.35686896e-07]],

         [[ 9.51725047e-07, -2.05516580e-09,  5.69368792e-08,
            9.90044488e-07,  3.35686896e-07],
          [ 9.51725047e-07, -2.05516580e-09,  5.69368792e-08,
            9.90044488e-07,  3.35686896e-07],
          [ 9.51725047e-07, -2.05516580e-09,  5.69368792e-08,
            9.90044488e-07,  3.35686896e-07]],

         [[ 9.51725047e-07, -2.05516580e-09,  5.69368792e-08,
            9.90044488e-07,  3.35686896e-07],
          [ 9.51725047e-07, -2.05516580e-09,  5.69368792e-08,
            9.90044488e-07,  3.35686896e-07],
          [ 9.51725047e-07, -2.05516580e-09,  5.69368792e-08,
            9.90044488e-07,  3.35686896e-07]]]]])

.base_values =
array([[0.2315703 , 0.00661396, 0.07402199, 0.09337573, 0.01334869]])

.data =
array([[[[ 24.,  24.,  24.],
         [ 23.,  23.,  23.],
         [ 26.,  26.,  26.],
         ...,
         [ 51.,  51.,  51.],
         [ 52.,  52.,  52.],
         [ 55.,  55.,  55.]],

        [[ 24.,  24.,  24.],
         [ 23.,  23.,  23.],
         [ 26.,  26.,  26.],
         ...,
         [ 51.,  51.,  51.],
         [ 52.,  52.,  52.],
         [ 53.,  53.,  53.]],

        [[ 27.,  27.,  27.],
         [ 26.,  26.,  26.],
         [ 27.,  27.,  27.],
         ...,
         [ 51.,  51.,  51.],
         [ 53.,  53.,  53.],
         [ 52.,  52.,  52.]],

        ...,

        [[121., 121., 121.],
         [119., 119., 119.],
         [119., 119., 119.],
         ...,
         [115., 115., 115.],
         [118., 118., 118.],
         [115., 115., 115.]],

        [[124., 124., 124.],
         [122., 122., 122.],
         [121., 121., 121.],
         ...,
         [114., 114., 114.],
         [115., 115., 115.],
         [115., 115., 115.]],

        [[125., 125., 125.],
         [124., 124., 124.],
         [122., 122., 122.],
         ...,
         [113., 113., 113.],
         [113., 113., 113.],
         [115., 115., 115.]]]], dtype=float32)
