Tue Feb 13 19:15:39 2024       
+---------------------------------------------------------------------------------------+
| NVIDIA-SMI 535.154.05             Driver Version: 535.154.05   CUDA Version: 12.2     |
|-----------------------------------------+----------------------+----------------------+
| GPU  Name                 Persistence-M | Bus-Id        Disp.A | Volatile Uncorr. ECC |
| Fan  Temp   Perf          Pwr:Usage/Cap |         Memory-Usage | GPU-Util  Compute M. |
|                                         |                      |               MIG M. |
|=========================================+======================+======================|
|   0  NVIDIA H100 PCIe               On  | 00000000:41:00.0 Off |                    0 |
| N/A   27C    P0              46W / 350W |      0MiB / 81559MiB |      0%   E. Process |
|                                         |                      |             Disabled |
+-----------------------------------------+----------------------+----------------------+
                                                                                         
+---------------------------------------------------------------------------------------+
| Processes:                                                                            |
|  GPU   GI   CI        PID   Type   Process name                            GPU Memory |
|        ID   ID                                                             Usage      |
|=======================================================================================|
|  No running processes found                                                           |
+---------------------------------------------------------------------------------------+
.values =
array([[[[[ 7.41176033e-07,  7.42203780e-10,  4.97828528e-08,
            5.47120843e-08,  6.09838295e-08],
          [ 7.41176033e-07,  7.42203780e-10,  4.97828528e-08,
            5.47120843e-08,  6.09838295e-08],
          [ 7.41176033e-07,  7.42203780e-10,  4.97828528e-08,
            5.47120843e-08,  6.09838295e-08]],

         [[ 7.41176033e-07,  7.42203780e-10,  4.97828528e-08,
            5.47120843e-08,  6.09838295e-08],
          [ 7.41176033e-07,  7.42203780e-10,  4.97828528e-08,
            5.47120843e-08,  6.09838295e-08],
          [ 7.41176033e-07,  7.42203780e-10,  4.97828528e-08,
            5.47120843e-08,  6.09838295e-08]],

         [[ 7.41176033e-07,  7.42203780e-10,  4.97828528e-08,
            5.47120843e-08,  6.09838295e-08],
          [ 7.41176033e-07,  7.42203780e-10,  4.97828528e-08,
            5.47120843e-08,  6.09838295e-08],
          [ 7.41176033e-07,  7.42203780e-10,  4.97828528e-08,
            5.47120843e-08,  6.09838295e-08]],

         ...,

         [[ 3.96084452e-07, -6.20798746e-09,  1.86713625e-08,
            3.60624218e-07, -5.38480004e-08],
          [ 3.96084452e-07, -6.20798746e-09,  1.86713625e-08,
            3.60624218e-07, -5.38480004e-08],
          [ 3.96084452e-07, -6.20798746e-09,  1.86713625e-08,
            3.60624218e-07, -5.38480004e-08]],

         [[ 3.96084452e-07, -6.20798746e-09,  1.86713625e-08,
            3.60624218e-07, -5.38480004e-08],
          [ 3.96084452e-07, -6.20798746e-09,  1.86713625e-08,
            3.60624218e-07, -5.38480004e-08],
          [ 3.96084452e-07, -6.20798746e-09,  1.86713625e-08,
            3.60624218e-07, -5.38480004e-08]],

         [[ 3.96084452e-07, -6.20798746e-09,  1.86713625e-08,
            3.60624218e-07, -5.38480004e-08],
          [ 3.96084452e-07, -6.20798746e-09,  1.86713625e-08,
            3.60624218e-07, -5.38480004e-08],
          [ 3.96084452e-07, -6.20798746e-09,  1.86713625e-08,
            3.60624218e-07, -5.38480004e-08]]],


        [[[ 7.41176033e-07,  7.42203780e-10,  4.97828528e-08,
            5.47120843e-08,  6.09838295e-08],
          [ 7.41176033e-07,  7.42203780e-10,  4.97828528e-08,
            5.47120843e-08,  6.09838295e-08],
          [ 7.41176033e-07,  7.42203780e-10,  4.97828528e-08,
            5.47120843e-08,  6.09838295e-08]],

         [[ 7.41176033e-07,  7.42203780e-10,  4.97828528e-08,
            5.47120843e-08,  6.09838295e-08],
          [ 7.41176033e-07,  7.42203780e-10,  4.97828528e-08,
            5.47120843e-08,  6.09838295e-08],
          [ 7.41176033e-07,  7.42203780e-10,  4.97828528e-08,
            5.47120843e-08,  6.09838295e-08]],

         [[ 7.41176033e-07,  7.42203780e-10,  4.97828528e-08,
            5.47120843e-08,  6.09838295e-08],
          [ 7.41176033e-07,  7.42203780e-10,  4.97828528e-08,
            5.47120843e-08,  6.09838295e-08],
          [ 7.41176033e-07,  7.42203780e-10,  4.97828528e-08,
            5.47120843e-08,  6.09838295e-08]],

         ...,

         [[ 3.96084452e-07, -6.20798746e-09,  1.86713625e-08,
            3.60624218e-07, -5.38480004e-08],
          [ 3.96084452e-07, -6.20798746e-09,  1.86713625e-08,
            3.60624218e-07, -5.38480004e-08],
          [ 3.96084452e-07, -6.20798746e-09,  1.86713625e-08,
            3.60624218e-07, -5.38480004e-08]],

         [[ 3.96084452e-07, -6.20798746e-09,  1.86713625e-08,
            3.60624218e-07, -5.38480004e-08],
          [ 3.96084452e-07, -6.20798746e-09,  1.86713625e-08,
            3.60624218e-07, -5.38480004e-08],
          [ 3.96084452e-07, -6.20798746e-09,  1.86713625e-08,
            3.60624218e-07, -5.38480004e-08]],

         [[ 3.96084452e-07, -6.20798746e-09,  1.86713625e-08,
            3.60624218e-07, -5.38480004e-08],
          [ 3.96084452e-07, -6.20798746e-09,  1.86713625e-08,
            3.60624218e-07, -5.38480004e-08],
          [ 3.96084452e-07, -6.20798746e-09,  1.86713625e-08,
            3.60624218e-07, -5.38480004e-08]]],


        [[[ 7.41176033e-07,  7.42203780e-10,  4.97828528e-08,
            5.47120843e-08,  6.09838295e-08],
          [ 7.41176033e-07,  7.42203780e-10,  4.97828528e-08,
            5.47120843e-08,  6.09838295e-08],
          [ 7.41176033e-07,  7.42203780e-10,  4.97828528e-08,
            5.47120843e-08,  6.09838295e-08]],

         [[ 7.41176033e-07,  7.42203780e-10,  4.97828528e-08,
            5.47120843e-08,  6.09838295e-08],
          [ 7.41176033e-07,  7.42203780e-10,  4.97828528e-08,
            5.47120843e-08,  6.09838295e-08],
          [ 7.41176033e-07,  7.42203780e-10,  4.97828528e-08,
            5.47120843e-08,  6.09838295e-08]],

         [[ 7.41176033e-07,  7.42203780e-10,  4.97828528e-08,
            5.47120843e-08,  6.09838295e-08],
          [ 7.41176033e-07,  7.42203780e-10,  4.97828528e-08,
            5.47120843e-08,  6.09838295e-08],
          [ 7.41176033e-07,  7.42203780e-10,  4.97828528e-08,
            5.47120843e-08,  6.09838295e-08]],

         ...,

         [[ 3.96084452e-07, -6.20798746e-09,  1.86713625e-08,
            3.60624218e-07, -5.38480004e-08],
          [ 3.96084452e-07, -6.20798746e-09,  1.86713625e-08,
            3.60624218e-07, -5.38480004e-08],
          [ 3.96084452e-07, -6.20798746e-09,  1.86713625e-08,
            3.60624218e-07, -5.38480004e-08]],

         [[ 3.96084452e-07, -6.20798746e-09,  1.86713625e-08,
            3.60624218e-07, -5.38480004e-08],
          [ 3.96084452e-07, -6.20798746e-09,  1.86713625e-08,
            3.60624218e-07, -5.38480004e-08],
          [ 3.96084452e-07, -6.20798746e-09,  1.86713625e-08,
            3.60624218e-07, -5.38480004e-08]],

         [[ 3.96084452e-07, -6.20798746e-09,  1.86713625e-08,
            3.60624218e-07, -5.38480004e-08],
          [ 3.96084452e-07, -6.20798746e-09,  1.86713625e-08,
            3.60624218e-07, -5.38480004e-08],
          [ 3.96084452e-07, -6.20798746e-09,  1.86713625e-08,
            3.60624218e-07, -5.38480004e-08]]],


        ...,


        [[[ 1.02301784e-06, -9.76478368e-09, -6.03556415e-08,
            7.41891843e-07,  2.73081421e-08],
          [ 1.02301784e-06, -9.76478368e-09, -6.03556415e-08,
            7.41891843e-07,  2.73081421e-08],
          [ 1.02301784e-06, -9.76478368e-09, -6.03556415e-08,
            7.41891843e-07,  2.73081421e-08]],

         [[ 1.02301784e-06, -9.76478368e-09, -6.03556415e-08,
            7.41891843e-07,  2.73081421e-08],
          [ 1.02301784e-06, -9.76478368e-09, -6.03556415e-08,
            7.41891843e-07,  2.73081421e-08],
          [ 1.02301784e-06, -9.76478368e-09, -6.03556415e-08,
            7.41891843e-07,  2.73081421e-08]],

         [[ 1.02301784e-06, -9.76478368e-09, -6.03556415e-08,
            7.41891843e-07,  2.73081421e-08],
          [ 1.02301784e-06, -9.76478368e-09, -6.03556415e-08,
            7.41891843e-07,  2.73081421e-08],
          [ 1.02301784e-06, -9.76478368e-09, -6.03556415e-08,
            7.41891843e-07,  2.73081421e-08]],

         ...,

         [[ 9.51732285e-07, -2.05323253e-09,  5.69687447e-08,
            9.90115325e-07,  3.35705584e-07],
          [ 9.51732285e-07, -2.05323253e-09,  5.69687447e-08,
            9.90115325e-07,  3.35705584e-07],
          [ 9.51732285e-07, -2.05323253e-09,  5.69687447e-08,
            9.90115325e-07,  3.35705584e-07]],

         [[ 9.51732285e-07, -2.05323253e-09,  5.69687447e-08,
            9.90115325e-07,  3.35705584e-07],
          [ 9.51732285e-07, -2.05323253e-09,  5.69687447e-08,
            9.90115325e-07,  3.35705584e-07],
          [ 9.51732285e-07, -2.05323253e-09,  5.69687447e-08,
            9.90115325e-07,  3.35705584e-07]],

         [[ 9.51732285e-07, -2.05323253e-09,  5.69687447e-08,
            9.90115325e-07,  3.35705584e-07],
          [ 9.51732285e-07, -2.05323253e-09,  5.69687447e-08,
            9.90115325e-07,  3.35705584e-07],
          [ 9.51732285e-07, -2.05323253e-09,  5.69687447e-08,
            9.90115325e-07,  3.35705584e-07]]],


        [[[ 1.02301784e-06, -9.76478368e-09, -6.03556415e-08,
            7.41891843e-07,  2.73081421e-08],
          [ 1.02301784e-06, -9.76478368e-09, -6.03556415e-08,
            7.41891843e-07,  2.73081421e-08],
          [ 1.02301784e-06, -9.76478368e-09, -6.03556415e-08,
            7.41891843e-07,  2.73081421e-08]],

         [[ 1.02301784e-06, -9.76478368e-09, -6.03556415e-08,
            7.41891843e-07,  2.73081421e-08],
          [ 1.02301784e-06, -9.76478368e-09, -6.03556415e-08,
            7.41891843e-07,  2.73081421e-08],
          [ 1.02301784e-06, -9.76478368e-09, -6.03556415e-08,
            7.41891843e-07,  2.73081421e-08]],

         [[ 1.02301784e-06, -9.76478368e-09, -6.03556415e-08,
            7.41891843e-07,  2.73081421e-08],
          [ 1.02301784e-06, -9.76478368e-09, -6.03556415e-08,
            7.41891843e-07,  2.73081421e-08],
          [ 1.02301784e-06, -9.76478368e-09, -6.03556415e-08,
            7.41891843e-07,  2.73081421e-08]],

         ...,

         [[ 9.51732285e-07, -2.05323253e-09,  5.69687447e-08,
            9.90115325e-07,  3.35705584e-07],
          [ 9.51732285e-07, -2.05323253e-09,  5.69687447e-08,
            9.90115325e-07,  3.35705584e-07],
          [ 9.51732285e-07, -2.05323253e-09,  5.69687447e-08,
            9.90115325e-07,  3.35705584e-07]],

         [[ 9.51732285e-07, -2.05323253e-09,  5.69687447e-08,
            9.90115325e-07,  3.35705584e-07],
          [ 9.51732285e-07, -2.05323253e-09,  5.69687447e-08,
            9.90115325e-07,  3.35705584e-07],
          [ 9.51732285e-07, -2.05323253e-09,  5.69687447e-08,
            9.90115325e-07,  3.35705584e-07]],

         [[ 9.51732285e-07, -2.05323253e-09,  5.69687447e-08,
            9.90115325e-07,  3.35705584e-07],
          [ 9.51732285e-07, -2.05323253e-09,  5.69687447e-08,
            9.90115325e-07,  3.35705584e-07],
          [ 9.51732285e-07, -2.05323253e-09,  5.69687447e-08,
            9.90115325e-07,  3.35705584e-07]]],


        [[[ 1.02301784e-06, -9.76478368e-09, -6.03556415e-08,
            7.41891843e-07,  2.73081421e-08],
          [ 1.02301784e-06, -9.76478368e-09, -6.03556415e-08,
            7.41891843e-07,  2.73081421e-08],
          [ 1.02301784e-06, -9.76478368e-09, -6.03556415e-08,
            7.41891843e-07,  2.73081421e-08]],

         [[ 1.02301784e-06, -9.76478368e-09, -6.03556415e-08,
            7.41891843e-07,  2.73081421e-08],
          [ 1.02301784e-06, -9.76478368e-09, -6.03556415e-08,
            7.41891843e-07,  2.73081421e-08],
          [ 1.02301784e-06, -9.76478368e-09, -6.03556415e-08,
            7.41891843e-07,  2.73081421e-08]],

         [[ 1.02301784e-06, -9.76478368e-09, -6.03556415e-08,
            7.41891843e-07,  2.73081421e-08],
          [ 1.02301784e-06, -9.76478368e-09, -6.03556415e-08,
            7.41891843e-07,  2.73081421e-08],
          [ 1.02301784e-06, -9.76478368e-09, -6.03556415e-08,
            7.41891843e-07,  2.73081421e-08]],

         ...,

         [[ 9.51732285e-07, -2.05323253e-09,  5.69687447e-08,
            9.90115325e-07,  3.35705584e-07],
          [ 9.51732285e-07, -2.05323253e-09,  5.69687447e-08,
            9.90115325e-07,  3.35705584e-07],
          [ 9.51732285e-07, -2.05323253e-09,  5.69687447e-08,
            9.90115325e-07,  3.35705584e-07]],

         [[ 9.51732285e-07, -2.05323253e-09,  5.69687447e-08,
            9.90115325e-07,  3.35705584e-07],
          [ 9.51732285e-07, -2.05323253e-09,  5.69687447e-08,
            9.90115325e-07,  3.35705584e-07],
          [ 9.51732285e-07, -2.05323253e-09,  5.69687447e-08,
            9.90115325e-07,  3.35705584e-07]],

         [[ 9.51732285e-07, -2.05323253e-09,  5.69687447e-08,
            9.90115325e-07,  3.35705584e-07],
          [ 9.51732285e-07, -2.05323253e-09,  5.69687447e-08,
            9.90115325e-07,  3.35705584e-07],
          [ 9.51732285e-07, -2.05323253e-09,  5.69687447e-08,
            9.90115325e-07,  3.35705584e-07]]]]])

.base_values =
array([[0.23159644, 0.00661279, 0.07399892, 0.09332277, 0.01334542]])

.data =
array([[[[ 24.,  24.,  24.],
         [ 23.,  23.,  23.],
         [ 26.,  26.,  26.],
         ...,
         [ 51.,  51.,  51.],
         [ 52.,  52.,  52.],
         [ 55.,  55.,  55.]],

        [[ 24.,  24.,  24.],
         [ 23.,  23.,  23.],
         [ 26.,  26.,  26.],
         ...,
         [ 51.,  51.,  51.],
         [ 52.,  52.,  52.],
         [ 53.,  53.,  53.]],

        [[ 27.,  27.,  27.],
         [ 26.,  26.,  26.],
         [ 27.,  27.,  27.],
         ...,
         [ 51.,  51.,  51.],
         [ 53.,  53.,  53.],
         [ 52.,  52.,  52.]],

        ...,

        [[121., 121., 121.],
         [119., 119., 119.],
         [119., 119., 119.],
         ...,
         [115., 115., 115.],
         [118., 118., 118.],
         [115., 115., 115.]],

        [[124., 124., 124.],
         [122., 122., 122.],
         [121., 121., 121.],
         ...,
         [114., 114., 114.],
         [115., 115., 115.],
         [115., 115., 115.]],

        [[125., 125., 125.],
         [124., 124., 124.],
         [122., 122., 122.],
         ...,
         [113., 113., 113.],
         [113., 113., 113.],
         [115., 115., 115.]]]], dtype=float32)
