Thu Feb 15 06:13:59 2024       
+---------------------------------------------------------------------------------------+
| NVIDIA-SMI 535.154.05             Driver Version: 535.154.05   CUDA Version: 12.2     |
|-----------------------------------------+----------------------+----------------------+
| GPU  Name                 Persistence-M | Bus-Id        Disp.A | Volatile Uncorr. ECC |
| Fan  Temp   Perf          Pwr:Usage/Cap |         Memory-Usage | GPU-Util  Compute M. |
|                                         |                      |               MIG M. |
|=========================================+======================+======================|
|   0  NVIDIA H100 PCIe               On  | 00000000:41:00.0 Off |                    0 |
| N/A   27C    P0              47W / 350W |      0MiB / 81559MiB |      0%   E. Process |
|                                         |                      |             Disabled |
+-----------------------------------------+----------------------+----------------------+
                                                                                         
+---------------------------------------------------------------------------------------+
| Processes:                                                                            |
|  GPU   GI   CI        PID   Type   Process name                            GPU Memory |
|        ID   ID                                                             Usage      |
|=======================================================================================|
|  No running processes found                                                           |
+---------------------------------------------------------------------------------------+
[4713, 1646, 376, 6650, 6390] [562, 21, 4713, 3478, 21]
[2171, 267, 9196, 6939, 6390] [8663, 3594, 3889, 5793, 5611]
[4713, 1646, 376, 8953, 6390] [8663, 9446, 4713, 5793, 21]
[9160, 267, 9196, 6939, 1103] [8663, 6843, 9160, 1529, 5611]
Effusion
For X-ray with id: 4713
Model: pd_noaug most confident correct answer was ['Effusion'] for this x-ray
Model: pd_noaug most confident wrong answers were ['Atelectasis'] for this x-ray
Model: mt_noaug most confident correct answer was ['Effusion'] for this x-ray
Model: mt_noaug most confident wrong answers were ['Atelectasis'] for this x-ray
For X-ray with id: 2171
Model: pd_aug most confident correct answer was ['Effusion'] for this x-ray
Pneumothorax
For X-ray with id: 1646
Model: pd_noaug most confident correct answer was ['Pneumothorax'] for this x-ray
Model: mt_noaug most confident correct answer was ['Pneumothorax'] for this x-ray
For X-ray with id: 267
Model: pd_aug most confident correct answer was ['Pneumothorax'] for this x-ray
Model: mt_aug most confident correct answer was ['Pneumothorax'] for this x-ray
Atelectasis
For X-ray with id: 376
Model: pd_noaug most confident correct answer was ['Atelectasis'] for this x-ray
Model: mt_noaug most confident correct answer was ['Atelectasis'] for this x-ray
For X-ray with id: 9196
Model: pd_aug most confident correct answer was ['Atelectasis'] for this x-ray
Model: mt_aug most confident correct answer was ['Atelectasis'] for this x-ray
Cardiomegaly
For X-ray with id: 6650
Model: pd_noaug most confident correct answer was ['Cardiomegaly'] for this x-ray
For X-ray with id: 6939
Model: pd_aug most confident correct answer was ['Cardiomegaly'] for this x-ray
Model: mt_aug most confident correct answer was ['Cardiomegaly'] for this x-ray
Pneumonia
For X-ray with id: 6390
Model: pd_noaug most confident correct answer was ['Pneumonia'] for this x-ray
Model: pd_aug most confident correct answer was ['Pneumonia'] for this x-ray
Model: mt_noaug most confident correct answer was ['Pneumonia'] for this x-ray
