Running on desktop23:
Collecting package metadata (current_repodata.json): ...working... done
Solving environment: ...working... done


==> WARNING: A newer version of conda exists. <==
  current version: 23.3.1
  latest version: 23.9.0

Please update conda by running

    $ conda update -n base -c defaults conda

Or to minimize the number of packages updated during conda update use

     conda install conda=23.9.0



## Package Plan ##

  environment location: /home/caap/.conda/envs/tensorflow_env



Preparing transaction: ...working... done
Verifying transaction: ...working... done
Executing transaction: ...working... done
#
# To activate this environment, use
#
#     $ conda activate tensorflow_env
#
# To deactivate an active environment, use
#
#     $ conda deactivate

Collecting package metadata (current_repodata.json): ...working... done
Solving environment: ...working... failed with initial frozen solve. Retrying with flexible solve.
Collecting package metadata (repodata.json): ...working... done
Solving environment: ...working... failed with initial frozen solve. Retrying with flexible solve.

PackagesNotFoundError: The following packages are not available from current channels:

  - cudatoolkit=12.0.0

Current channels:

  - https://conda.anaconda.org/conda-forge/linux-64
  - https://conda.anaconda.org/conda-forge/noarch
  - https://repo.anaconda.com/pkgs/main/linux-64
  - https://repo.anaconda.com/pkgs/main/noarch
  - https://repo.anaconda.com/pkgs/r/linux-64
  - https://repo.anaconda.com/pkgs/r/noarch

To search for alternate channels that may provide the conda package you're
looking for, navigate to

    https://anaconda.org

and use the search bar at the top of the page.


Defaulting to user installation because normal site-packages is not writeable
Collecting nvidia-cudnn-cu12==8.9.4.25
  Downloading nvidia_cudnn_cu12-8.9.4.25-py3-none-manylinux1_x86_64.whl (720.1 MB)
slurmstepd: error: *** JOB 148390 ON desktop23 CANCELLED AT 2023-10-09T00:26:48 ***
